\BOOKMARK [0][-]{chapter.1}{\376\377\000E\000l\000e\000k\000t\000r\000o\000m\000a\000g\000n\000e\000t\000n\000o\000\040\000v\000a\000l\000o\000v\000a\000n\000j\000e}{}% 1
\BOOKMARK [1][-]{section.1.1}{\376\377\000M\000a\000x\000w\000e\000l\000l\000o\000v\000e\000\040\000e\000n\000a\001\015\000b\000e}{chapter.1}% 2
\BOOKMARK [1][-]{section.1.2}{\376\377\000V\000a\000l\000o\000v\000n\000a\000\040\000e\000n\000a\001\015\000b\000a\000\040\000i\000n\000\040\000P\000o\000y\000n\000t\000i\000n\000g\000o\000v\000\040\000v\000e\000k\000t\000o\000r}{chapter.1}% 3
\BOOKMARK [1][-]{section.1.3}{\376\377\000M\000o\000n\000o\000k\000r\000o\000m\000a\000t\000s\000k\000i\000\040\000e\000l\000e\000k\000t\000r\000o\000m\000a\000g\000n\000e\000t\000n\000i\000\040\000v\000a\000l}{chapter.1}% 4
\BOOKMARK [1][-]{section.1.4}{\376\377\000R\000a\000v\000n\000i\000\040\000v\000a\000l}{chapter.1}% 5
\BOOKMARK [1][-]{section.1.5}{\376\377\000P\000o\000l\000a\000r\000i\000z\000a\000c\000i\000j\000a\000\040\000e\000l\000e\000k\000t\000r\000o\000m\000a\000g\000n\000e\000t\000n\000e\000g\000a\000\040\000v\000a\000l\000o\000v\000a\000n\000j\000a}{chapter.1}% 6
\BOOKMARK [1][-]{section.1.6}{\376\377\000L\000o\000m\000\040\000i\000n\000\040\000o\000d\000b\000o\000j\000\040\000E\000M\000\040\000v\000a\000l\000o\000v\000a\000n\000j\000a}{chapter.1}% 7
\BOOKMARK [1][-]{section.1.7}{\376\377\000U\000k\000l\000o\000n\000\040\000s\000v\000e\000t\000l\000o\000b\000e}{chapter.1}% 8
\BOOKMARK [1][-]{section.1.8}{\376\377\000E\000l\000e\000k\000t\000r\000o\000m\000a\000g\000n\000e\000t\000n\000o\000\040\000v\000a\000l\000o\000v\000a\000n\000j\000e\000\040\000v\000\040\000a\000n\000i\000z\000o\000t\000r\000o\000p\000n\000i\000h\000\040\000s\000n\000o\000v\000e\000h}{chapter.1}% 9
\BOOKMARK [0][-]{chapter.2}{\376\377\000K\000o\000h\000e\000r\000e\000n\000c\000a}{}% 10
\BOOKMARK [1][-]{section.2.1}{\376\377\000Y\000o\000u\000n\000g\000o\000v\000\040\000p\000o\000s\000k\000u\000s}{chapter.2}% 11
\BOOKMARK [1][-]{section.2.2}{\376\377\000K\000o\000h\000e\000r\000e\000n\000c\000a\000\040\000n\000a\000v\000a\000d\000n\000i\000h\000\040\000s\000v\000e\000t\000i\000l}{chapter.2}% 12
\BOOKMARK [1][-]{section.2.3}{\376\377\001\014\000a\000s\000o\000v\000n\000a\000\040\000k\000o\000h\000e\000r\000e\000n\000c\000a}{chapter.2}% 13
\BOOKMARK [1][-]{section.2.4}{\376\377\000Z\000v\000e\000z\000a\000\040\000m\000e\000d\000\040\000a\000v\000t\000o\000k\000o\000r\000e\000l\000a\000c\000i\000j\000s\000k\000o\000\040\000f\000u\000n\000k\000c\000i\000j\000o\000\040\000i\000n\000\040\000s\000p\000e\000k\000t\000r\000o\000m}{chapter.2}% 14
\BOOKMARK [1][-]{section.2.5}{\376\377\000P\000r\000o\000s\000t\000o\000r\000s\000k\000a\000\040\000k\000o\000h\000e\000r\000e\000n\000c\000a}{chapter.2}% 15
\BOOKMARK [0][-]{chapter.3}{\376\377\000K\000o\000h\000e\000r\000e\000n\000t\000n\000i\000\040\000s\000n\000o\000p\000i\000\040\000s\000v\000e\000t\000l\000o\000b\000e}{}% 16
\BOOKMARK [1][-]{section.3.1}{\376\377\000O\000m\000e\000j\000e\000n\000\040\000s\000n\000o\000p\000\040\000s\000v\000e\000t\000l\000o\000b\000e}{chapter.3}% 17
\BOOKMARK [1][-]{section.3.2}{\376\377\000O\000b\000o\000s\000n\000a\000\040\000v\000a\000l\000o\000v\000n\000a\000\040\000e\000n\000a\001\015\000b\000a}{chapter.3}% 18
\BOOKMARK [1][-]{section.3.3}{\376\377\000O\000s\000n\000o\000v\000n\000i\000\040\000G\000a\000u\000s\000s\000o\000v\000\040\000s\000n\000o\000p}{chapter.3}% 19
\BOOKMARK [1][-]{section.3.4}{\376\377\000S\000n\000o\000p\000i\000\040\000v\000i\001\141\000j\000e\000g\000a\000\040\000r\000e\000d\000a}{chapter.3}% 20
\BOOKMARK [1][-]{section.3.5}{\376\377\000B\000e\000s\000s\000l\000o\000v\000\040\000s\000n\000o\000p}{chapter.3}% 21
\BOOKMARK [1][-]{section.3.6}{\376\377\000T\000r\000a\000n\000s\000f\000o\000r\000m\000a\000c\000i\000j\000e\000\040\000s\000n\000o\000p\000o\000v\000\040\000z\000\040\000l\000e\001\015\000a\000m\000i}{chapter.3}% 22
\BOOKMARK [1][-]{section.3.7}{\376\377\000M\000a\000t\000r\000i\001\015\000n\000e\000\040\000\050\000A\000B\000C\000D\000\051\000\040\000p\000r\000e\000s\000l\000i\000k\000a\000v\000e\000\040\000v\000\040\000g\000e\000o\000m\000e\000t\000r\000i\000j\000s\000k\000i\000\040\000o\000p\000t\000i\000k\000i}{chapter.3}% 23
\BOOKMARK [1][-]{section.3.8}{\376\377\000L\000i\000n\000e\000a\000r\000n\000e\000\040\000r\000a\000c\000i\000o\000n\000a\000l\000n\000e\000\040\000t\000r\000a\000n\000s\000f\000o\000r\000m\000a\000c\000i\000j\000e\000\040\000k\000o\000m\000p\000l\000e\000k\000s\000n\000e\000g\000a\000\040\000k\000r\000i\000v\000i\000n\000s\000k\000e\000g\000a\000\040\000r\000a\000d\000i\000j\000a}{chapter.3}% 24
\BOOKMARK [0][-]{chapter.4}{\376\377\000O\000p\000t\000i\001\015\000n\000i\000\040\000r\000e\000s\000o\000n\000a\000t\000o\000r\000j\000i}{}% 25
\BOOKMARK [1][-]{section.4.1}{\376\377\000O\000d\000p\000r\000t\000i\000\040\000r\000e\000s\000o\000n\000a\000t\000o\000r\000j\000i}{chapter.4}% 26
\BOOKMARK [1][-]{section.4.2}{\376\377\000G\000a\000u\000s\000s\000o\000v\000i\000\040\000s\000n\000o\000p\000i\000\040\000v\000\040\000r\000e\000s\000o\000n\000a\000t\000o\000r\000j\000i\000h}{chapter.4}% 27
\BOOKMARK [1][-]{section.4.3}{\376\377\000S\000t\000a\000b\000i\000l\000n\000o\000s\000t\000n\000i\000\040\000k\000r\000i\000t\000e\000r\000i\000j\000\040\000s\000\040\000f\000o\000r\000m\000a\000l\000i\000z\000m\000o\000m\000\040\000A\000B\000C\000D}{chapter.4}% 28
\BOOKMARK [1][-]{section.4.4}{\376\377\000R\000e\000s\000o\000n\000a\000n\001\015\000n\000e\000\040\000f\000r\000e\000k\000v\000e\000n\000c\000e}{chapter.4}% 29
\BOOKMARK [1][-]{section.4.5}{\376\377\000I\000z\000g\000u\000b\000e\000\040\000v\000\040\000r\000e\000s\000o\000n\000a\000t\000o\000r\000j\000i\000h}{chapter.4}% 30
\BOOKMARK [1][-]{section.4.6}{\376\377\000*\000O\000b\000r\000a\000v\000n\000a\000v\000a\000\040\000r\000e\000s\000o\000n\000a\000t\000o\000r\000j\000e\000v\000\040\000z\000\040\000u\000k\000l\000o\000n\000s\000k\000i\000m\000\040\000i\000n\000t\000e\000g\000r\000a\000l\000o\000m}{chapter.4}% 31
\BOOKMARK [1][-]{section.4.7}{\376\377\000*\000S\000k\000l\000o\000p\000i\000t\000e\000v\000\040\000r\000e\000s\000o\000n\000a\000t\000o\000r\000j\000a\000\040\000z\000\040\000o\000k\000o\000l\000i\000c\000o}{chapter.4}% 32
\BOOKMARK [1][-]{section.4.8}{\376\377\000*\000S\000k\000l\000o\000p\000i\000t\000e\000v\000\040\000d\000v\000e\000h\000\040\000r\000e\000s\000o\000n\000a\000t\000o\000r\000j\000e\000v}{chapter.4}% 33
\BOOKMARK [0][-]{chapter.5}{\376\377\000I\000n\000t\000e\000r\000a\000k\000c\000i\000j\000a\000\040\000s\000v\000e\000t\000l\000o\000b\000e\000\040\000s\000\040\000s\000n\000o\000v\000j\000o}{}% 34
\BOOKMARK [1][-]{section.5.1}{\376\377\000K\000v\000a\000n\000t\000i\000z\000a\000c\000i\000j\000a\000\040\000e\000l\000e\000k\000t\000r\000o\000m\000a\000g\000n\000e\000t\000n\000e\000g\000a\000\040\000p\000o\000l\000j\000a}{chapter.5}% 35
\BOOKMARK [1][-]{section.5.2}{\376\377\000S\000e\000v\000a\000n\000j\000e\000\040\001\015\000r\000n\000e\000g\000a\000\040\000t\000e\000l\000e\000s\000a}{chapter.5}% 36
\BOOKMARK [1][-]{section.5.3}{\376\377\000A\000b\000s\000o\000r\000p\000c\000i\000j\000a\000,\000\040\000s\000p\000o\000n\000t\000a\000n\000o\000\040\000i\000n\000\040\000s\000t\000i\000m\000u\000l\000i\000r\000a\000n\000o\000\040\000s\000e\000v\000a\000n\000j\000e}{chapter.5}% 37
\BOOKMARK [1][-]{section.5.4}{\376\377\000A\000b\000s\000o\000r\000p\000c\000i\000j\000s\000k\000i\000\040\000k\000o\000e\000f\000i\000c\000i\000e\000n\000t}{chapter.5}% 38
\BOOKMARK [1][-]{section.5.5}{\376\377\000N\000a\000s\000i\001\015\000e\000n\000j\000e\000\040\000a\000b\000s\000o\000r\000p\000c\000i\000j\000e}{chapter.5}% 39
\BOOKMARK [1][-]{section.5.6}{\376\377\000O\000p\000t\000i\001\015\000n\000o\000\040\000o\000j\000a\001\015\000e\000v\000a\000n\000j\000e}{chapter.5}% 40
\BOOKMARK [1][-]{section.5.7}{\376\377\000O\000p\000t\000i\001\015\000n\000o\000\040\001\015\000r\000p\000a\000n\000j\000e\000\040\000t\000r\000i\000n\000i\000v\000o\000j\000s\000k\000e\000g\000a\000\040\000s\000i\000s\000t\000e\000m\000a}{chapter.5}% 41
\BOOKMARK [1][-]{section.5.8}{\376\377\000H\000o\000m\000o\000g\000e\000n\000a\000\040\000i\000n\000\040\000n\000e\000h\000o\000m\000o\000g\000e\000n\000a\000\040\000r\000a\000z\001\141\000i\000r\000i\000t\000e\000v\000\040\000s\000p\000e\000k\000t\000r\000a\000l\000n\000e\000\040\001\015\000r\000t\000e}{chapter.5}% 42
\BOOKMARK [1][-]{section.5.9}{\376\377\000*\000N\000a\000s\000i\001\015\000e\000n\000j\000e\000\040\000n\000e\000h\000o\000m\000o\000g\000e\000n\000o\000\040\000r\000a\000z\001\141\000i\000r\000j\000e\000n\000e\000\040\000a\000b\000s\000o\000r\000p\000c\000i\000j\000s\000k\000e\000\040\001\015\000r\000t\000e}{chapter.5}% 43
\BOOKMARK [1][-]{section.5.10}{\376\377\000*\000I\000z\000p\000e\000l\000j\000a\000v\000a\000\040\000v\000e\000r\000j\000e\000t\000n\000o\000s\000t\000i\000\040\000z\000a\000\040\000p\000r\000e\000h\000o\000d}{chapter.5}% 44
\BOOKMARK [1][-]{section.5.11}{\376\377\000*\000R\000a\000b\000i\000j\000e\000v\000e\000\040\000o\000s\000c\000i\000l\000a\000c\000i\000j\000e}{chapter.5}% 45
\BOOKMARK [0][-]{chapter.6}{\376\377\000L\000a\000s\000e\000r}{}% 46
\BOOKMARK [1][-]{section.6.1}{\376\377\000L\000a\000s\000e\000r}{chapter.6}% 47
\BOOKMARK [1][-]{section.6.2}{\376\377\000Z\000a\000s\000e\000d\000b\000e\000n\000e\000\040\000e\000n\000a\001\015\000b\000e}{chapter.6}% 48
\BOOKMARK [1][-]{section.6.3}{\376\377\000S\000p\000e\000k\000t\000r\000a\000l\000n\000a\000\040\001\141\000i\000r\000i\000n\000a\000\040\000e\000n\000e\000g\000a\000\040\000l\000a\000s\000e\000r\000s\000k\000e\000g\000a\000\040\000n\000i\000h\000a\000n\000j\000a}{chapter.6}% 49
\BOOKMARK [1][-]{section.6.4}{\376\377\000P\000r\000i\000m\000e\000r\000j\000a\000v\000a\000\040\000l\000a\000s\000e\000r\000j\000e\000v\000\040\000i\000n\000\040\000n\000a\000v\000a\000d\000n\000i\000h\000\040\000s\000v\000e\000t\000i\000l}{chapter.6}% 50
\BOOKMARK [1][-]{section.6.5}{\376\377\000*\000S\000t\000a\000b\000i\000l\000i\000z\000a\000c\000i\000j\000a\000\040\000f\000r\000e\000k\000v\000e\000n\000c\000e\000\040\000l\000a\000s\000e\000r\000j\000a\000\040\000n\000a\000\040\000n\000a\000s\000i\001\015\000e\000n\000o\000\040\000a\000b\000s\000o\000r\000p\000c\000i\000j\000o}{chapter.6}% 51
\BOOKMARK [1][-]{section.6.6}{\376\377\000V\000e\001\015\000f\000r\000e\000k\000v\000e\000n\001\015\000n\000i\000\040\000l\000a\000s\000e\000r}{chapter.6}% 52
\BOOKMARK [1][-]{section.6.7}{\376\377\000R\000e\000l\000a\000k\000s\000a\000c\000i\000j\000s\000k\000e\000\040\000o\000s\000c\000i\000l\000a\000c\000i\000j\000e}{chapter.6}% 53
\BOOKMARK [1][-]{section.6.8}{\376\377\000S\000u\000n\000k\000o\000v\000n\000i\000\040\000l\000a\000s\000e\000r\000j\000i}{chapter.6}% 54
\BOOKMARK [1][-]{section.6.9}{\376\377\000D\000e\000l\000o\000v\000a\000n\000j\000e\000\040\000v\000\040\000s\000u\000n\000k\000i\000h\000\040\000s\000\040\000p\000r\000e\000k\000l\000o\000p\000o\000m\000\040\000d\000o\000b\000r\000o\000t\000e}{chapter.6}% 55
\BOOKMARK [1][-]{section.6.10}{\376\377\000U\000k\000l\000e\000p\000a\000n\000j\000e\000\040\000f\000a\000z}{chapter.6}% 56
\BOOKMARK [1][-]{section.6.11}{\376\377\000*\000F\000r\000e\000k\000v\000e\000n\001\015\000n\000i\000\040\000g\000l\000a\000v\000n\000i\000k\000\040\000i\000n\000\040\000a\000b\000s\000o\000l\000u\000t\000n\000o\000\040\000m\000e\000r\000j\000e\000n\000j\000e\000\040\000f\000r\000e\000k\000v\000e\000n\000c\000e\000\040\000l\000a\000s\000e\000r\000j\000a}{chapter.6}% 57
\BOOKMARK [1][-]{section.6.12}{\376\377\000*\000S\000e\000m\000i\000k\000l\000a\000s\000i\001\015\000n\000i\000\040\000m\000o\000d\000e\000l\000\040\000l\000a\000s\000e\000r\000j\000a}{chapter.6}% 58
\BOOKMARK [0][-]{chapter.7}{\376\377\000P\000r\000i\000m\000e\000r\000i\000\040\000l\000a\000s\000e\000r\000j\000e\000v}{}% 59
\BOOKMARK [1][-]{section.7.1}{\376\377\000L\000a\000s\000e\000r\000s\000k\000i\000\040\000s\000i\000s\000t\000e\000m\000i}{chapter.7}% 60
\BOOKMARK [1][-]{section.7.2}{\376\377\000H\000e\000l\000i\000j\000-\000n\000e\000o\000n\000s\000k\000i\000\040\000l\000a\000s\000e\000r}{chapter.7}% 61
\BOOKMARK [1][-]{section.7.3}{\376\377\000A\000r\000g\000o\000n\000s\000k\000i\000\040\000l\000a\000s\000e\000r}{chapter.7}% 62
\BOOKMARK [1][-]{section.7.4}{\376\377\000L\000a\000s\000e\000r\000\040\000n\000a\000\040\000o\000g\000l\000j\000i\000k\000o\000v\000\040\000d\000i\000o\000k\000s\000i\000d}{chapter.7}% 63
\BOOKMARK [1][-]{section.7.5}{\376\377\000E\000k\000s\000c\000i\000m\000e\000r\000n\000i\000\040\000l\000a\000s\000e\000r}{chapter.7}% 64
\BOOKMARK [1][-]{section.7.6}{\376\377\000N\000e\000o\000d\000i\000m\000s\000k\000i\000\040\000l\000a\000s\000e\000r}{chapter.7}% 65
\BOOKMARK [1][-]{section.7.7}{\376\377\000T\000i\000t\000a\000n\000-\000s\000a\000f\000i\000r\000n\000i\000\040\000l\000a\000s\000e\000r}{chapter.7}% 66
\BOOKMARK [1][-]{section.7.8}{\376\377\000L\000a\000s\000e\000r\000j\000i\000\040\000n\000a\000\040\000o\000r\000g\000a\000n\000s\000k\000a\000\040\000b\000a\000r\000v\000i\000l\000a}{chapter.7}% 67
\BOOKMARK [1][-]{section.7.9}{\376\377\000V\000l\000a\000k\000e\000n\000s\000k\000i\000\040\000l\000a\000s\000e\000r\000j\000i}{chapter.7}% 68
\BOOKMARK [1][-]{section.7.10}{\376\377\000P\000o\000l\000p\000r\000e\000v\000o\000d\000n\000i\001\141\000k\000i\000\040\000l\000a\000s\000e\000r\000j\000i}{chapter.7}% 69
\BOOKMARK [0][-]{chapter.8}{\376\377\000O\000p\000t\000i\001\015\000n\000a\000\040\000v\000l\000a\000k\000n\000a}{}% 70
\BOOKMARK [1][-]{section.8.1}{\376\377\000P\000l\000a\000n\000p\000a\000r\000a\000l\000e\000l\000n\000i\000\040\000v\000o\000d\000n\000i\000k}{chapter.8}% 71
\BOOKMARK [1][-]{section.8.2}{\376\377\000R\000a\001\015\000u\000n\000\040\000l\000a\000s\000t\000n\000i\000h\000\040\000r\000o\000d\000o\000v\000\040\000v\000\040\000p\000l\000a\000n\000p\000a\000r\000a\000l\000e\000l\000n\000e\000m\000\040\000v\000o\000d\000n\000i\000k\000u}{chapter.8}% 72
